<?xml version="1.0" encoding="UTF-8"?>
<testng-results ignored="0" total="1" passed="1" failed="0" skipped="0">
  <reporter-output>
  </reporter-output>
  <suite started-at="2021-08-04T16:14:14 IST" name="Default suite" finished-at="2021-08-04T16:14:21 IST" duration-ms="7477">
    <groups>
    </groups>
    <test started-at="2021-08-04T16:14:14 IST" name="Default test" finished-at="2021-08-04T16:14:21 IST" duration-ms="7477">
      <class name="com.gitProj.WebShopLog4jProp">
        <test-method is-config="true" signature="beforeSuite()[pri:0, instance:com.gitProj.WebShopLog4jProp@3de8f619]" started-at="2021-08-04T16:14:10 IST" name="beforeSuite" finished-at="2021-08-04T16:14:14 IST" duration-ms="3466" status="PASS">
          <reporter-output>
          </reporter-output>
        </test-method> <!-- beforeSuite -->
        <test-method is-config="true" signature="beforeTest()[pri:0, instance:com.gitProj.WebShopLog4jProp@3de8f619]" started-at="2021-08-04T16:14:14 IST" name="beforeTest" finished-at="2021-08-04T16:14:16 IST" duration-ms="2687" status="PASS">
          <reporter-output>
          </reporter-output>
        </test-method> <!-- beforeTest -->
        <test-method is-config="true" signature="beforeClass()[pri:0, instance:com.gitProj.WebShopLog4jProp@3de8f619]" started-at="2021-08-04T16:14:16 IST" name="beforeClass" finished-at="2021-08-04T16:14:17 IST" duration-ms="148" status="PASS">
          <reporter-output>
          </reporter-output>
        </test-method> <!-- beforeClass -->
        <test-method is-config="true" signature="beforeMethod()[pri:0, instance:com.gitProj.WebShopLog4jProp@3de8f619]" started-at="2021-08-04T16:14:17 IST" name="beforeMethod" finished-at="2021-08-04T16:14:17 IST" duration-ms="0" status="PASS">
          <reporter-output>
          </reporter-output>
        </test-method> <!-- beforeMethod -->
        <test-method signature="register()[pri:0, instance:com.gitProj.WebShopLog4jProp@3de8f619]" started-at="2021-08-04T16:14:17 IST" name="register" finished-at="2021-08-04T16:14:21 IST" duration-ms="4568" status="PASS">
          <reporter-output>
          </reporter-output>
        </test-method> <!-- register -->
      </class> <!-- com.gitProj.WebShopLog4jProp -->
    </test> <!-- Default test -->
  </suite> <!-- Default suite -->
</testng-results>
